I, [2021-12-01T06:26:05.275634 #9285]  INFO -- : Registered expected interaction GET /user/10
D, [2021-12-01T06:26:05.275902 #9285] DEBUG -- : {
  "description": "A request to login with user 'sally'",
  "providerState": "User sally exists",
  "request": {
    "method": "GET",
    "path": {
      "json_class": "Pact::Term",
      "data": {
        "generate": "/user/10",
        "matcher": {
          "json_class": "Regexp",
          "o": 0,
          "s": "/user/[0-9]+"
        }
      }
    },
    "headers": {
      "Authorization": {
        "json_class": "Pact::SomethingLike",
        "contents": "Bearer 2019-01-01"
      }
    }
  },
  "response": {
    "status": 200,
    "headers": {
      "Content-Type": {
        "json_class": "Pact::Term",
        "data": {
          "generate": "application/json; charset=utf-8",
          "matcher": {
            "json_class": "Regexp",
            "o": 0,
            "s": "application\\/json"
          }
        }
      },
      "X-Api-Correlation-Id": {
        "json_class": "Pact::SomethingLike",
        "contents": "100"
      }
    },
    "body": {
      "firstName": {
        "json_class": "Pact::SomethingLike",
        "contents": "Sally"
      },
      "id": {
        "json_class": "Pact::SomethingLike",
        "contents": 10
      },
      "lastName": {
        "json_class": "Pact::SomethingLike",
        "contents": "McSmiley Face😀😍"
      },
      "type": {
        "json_class": "Pact::Term",
        "data": {
          "generate": "admin",
          "matcher": {
            "json_class": "Regexp",
            "o": 0,
            "s": "^(admin|user|guest)$"
          }
        }
      },
      "username": {
        "json_class": "Pact::SomethingLike",
        "contents": "sally"
      }
    }
  },
  "metadata": null
}
I, [2021-12-01T06:26:05.277939 #9285]  INFO -- : Received request GET /user/10
D, [2021-12-01T06:26:05.278034 #9285] DEBUG -- : {
  "path": "/user/10",
  "query": "",
  "method": "get",
  "headers": {
    "Host": "localhost:50829",
    "User-Agent": "Admin Service",
    "Accept": "application/json",
    "Authorization": "Bearer 2019-01-01",
    "Accept-Encoding": "gzip",
    "Version": "HTTP/1.1"
  }
}
I, [2021-12-01T06:26:05.278305 #9285]  INFO -- : Found matching response for GET /user/10
D, [2021-12-01T06:26:05.278467 #9285] DEBUG -- : {
  "status": 200,
  "headers": {
    "Content-Type": {
      "json_class": "Pact::Term",
      "data": {
        "generate": "application/json; charset=utf-8",
        "matcher": {
          "json_class": "Regexp",
          "o": 0,
          "s": "application\\/json"
        }
      }
    },
    "X-Api-Correlation-Id": {
      "json_class": "Pact::SomethingLike",
      "contents": "100"
    }
  },
  "body": {
    "firstName": {
      "json_class": "Pact::SomethingLike",
      "contents": "Sally"
    },
    "id": {
      "json_class": "Pact::SomethingLike",
      "contents": 10
    },
    "lastName": {
      "json_class": "Pact::SomethingLike",
      "contents": "McSmiley Face😀😍"
    },
    "type": {
      "json_class": "Pact::Term",
      "data": {
        "generate": "admin",
        "matcher": {
          "json_class": "Regexp",
          "o": 0,
          "s": "^(admin|user|guest)$"
        }
      }
    },
    "username": {
      "json_class": "Pact::SomethingLike",
      "contents": "sally"
    }
  }
}
I, [2021-12-01T06:26:05.280101 #9285]  INFO -- : Verifying - interactions matched
I, [2021-12-01T06:26:05.281712 #9285]  INFO -- : Cleared interactions
I, [2021-12-01T06:26:05.284177 #9285]  INFO -- : Registered expected interaction GET /user/10
D, [2021-12-01T06:26:05.284301 #9285] DEBUG -- : {
  "description": "A request to login with user 'sally'",
  "providerState": "User sally does not exist",
  "request": {
    "method": "GET",
    "path": {
      "json_class": "Pact::Term",
      "data": {
        "generate": "/user/10",
        "matcher": {
          "json_class": "Regexp",
          "o": 0,
          "s": "/user/[0-9]+"
        }
      }
    },
    "headers": {
      "Authorization": {
        "json_class": "Pact::SomethingLike",
        "contents": "Bearer 2019-01-01"
      }
    }
  },
  "response": {
    "status": 404,
    "headers": {
      "Content-Type": {
        "json_class": "Pact::Term",
        "data": {
          "generate": "application/json; charset=utf-8",
          "matcher": {
            "json_class": "Regexp",
            "o": 0,
            "s": "application\\/json"
          }
        }
      },
      "X-Api-Correlation-Id": {
        "json_class": "Pact::SomethingLike",
        "contents": "100"
      }
    }
  },
  "metadata": null
}
I, [2021-12-01T06:26:05.285962 #9285]  INFO -- : Received request GET /user/10
D, [2021-12-01T06:26:05.286025 #9285] DEBUG -- : {
  "path": "/user/10",
  "query": "",
  "method": "get",
  "headers": {
    "Host": "localhost:50829",
    "User-Agent": "Admin Service",
    "Accept": "application/json",
    "Authorization": "Bearer 2019-01-01",
    "Accept-Encoding": "gzip",
    "Version": "HTTP/1.1"
  }
}
I, [2021-12-01T06:26:05.286141 #9285]  INFO -- : Found matching response for GET /user/10
D, [2021-12-01T06:26:05.286209 #9285] DEBUG -- : {
  "status": 404,
  "headers": {
    "Content-Type": {
      "json_class": "Pact::Term",
      "data": {
        "generate": "application/json; charset=utf-8",
        "matcher": {
          "json_class": "Regexp",
          "o": 0,
          "s": "application\\/json"
        }
      }
    },
    "X-Api-Correlation-Id": {
      "json_class": "Pact::SomethingLike",
      "contents": "100"
    }
  }
}
I, [2021-12-01T06:26:05.287674 #9285]  INFO -- : Cleared interactions
I, [2021-12-01T06:26:05.290136 #9285]  INFO -- : Registered expected interaction GET /user/10
D, [2021-12-01T06:26:05.290217 #9285] DEBUG -- : {
  "description": "A request to login with user 'sally'",
  "providerState": "User is not authenticated",
  "request": {
    "method": "GET",
    "path": {
      "json_class": "Pact::Term",
      "data": {
        "generate": "/user/10",
        "matcher": {
          "json_class": "Regexp",
          "o": 0,
          "s": "/user/[0-9]+"
        }
      }
    }
  },
  "response": {
    "status": 401,
    "headers": {
      "Content-Type": {
        "json_class": "Pact::Term",
        "data": {
          "generate": "application/json; charset=utf-8",
          "matcher": {
            "json_class": "Regexp",
            "o": 0,
            "s": "application\\/json"
          }
        }
      },
      "X-Api-Correlation-Id": {
        "json_class": "Pact::SomethingLike",
        "contents": "100"
      }
    }
  },
  "metadata": null
}
I, [2021-12-01T06:26:05.291734 #9285]  INFO -- : Received request GET /user/10
D, [2021-12-01T06:26:05.291797 #9285] DEBUG -- : {
  "path": "/user/10",
  "query": "",
  "method": "get",
  "headers": {
    "Host": "localhost:50829",
    "User-Agent": "Admin Service",
    "Accept": "application/json",
    "Accept-Encoding": "gzip",
    "Version": "HTTP/1.1"
  }
}
I, [2021-12-01T06:26:05.291881 #9285]  INFO -- : Found matching response for GET /user/10
D, [2021-12-01T06:26:05.291988 #9285] DEBUG -- : {
  "status": 401,
  "headers": {
    "Content-Type": {
      "json_class": "Pact::Term",
      "data": {
        "generate": "application/json; charset=utf-8",
        "matcher": {
          "json_class": "Regexp",
          "o": 0,
          "s": "application\\/json"
        }
      }
    },
    "X-Api-Correlation-Id": {
      "json_class": "Pact::SomethingLike",
      "contents": "100"
    }
  }
}
I, [2021-12-01T06:26:05.293345 #9285]  INFO -- : Cleared interactions
I, [2021-12-01T06:26:05.295112 #9285]  INFO -- : Writing pact for GoUserService to /Users/mustafa.aydin/Downloads/pact-workshop-go-step11/pacts/goadminservice-gouserservice.json
